::1 - - [11/Mar/2021:00:27:38 +0000] "GET /students/60496298bf95fd39acbcb11e HTTP/1.1" 200 4 "-" "PostmanRuntime/7.26.10"
::1 - - [11/Mar/2021:00:27:43 +0000] "GET /students HTTP/1.1" 200 95 "-" "PostmanRuntime/7.26.10"
::1 - - [11/Mar/2021:00:28:33 +0000] "POST /students HTTP/1.1" 200 31 "-" "PostmanRuntime/7.26.10"
::1 - - [11/Mar/2021:00:33:13 +0000] "POST /students HTTP/1.1" 200 31 "-" "PostmanRuntime/7.26.10"
::1 - - [11/Mar/2021:00:33:18 +0000] "POST /students HTTP/1.1" 200 31 "-" "PostmanRuntime/7.26.10"
::1 - - [11/Mar/2021:00:34:03 +0000] "POST /students HTTP/1.1" 200 31 "-" "PostmanRuntime/7.26.10"
::1 - - [11/Mar/2021:00:34:39 +0000] "POST /students HTTP/1.1" 200 31 "-" "PostmanRuntime/7.26.10"
::1 - - [11/Mar/2021:00:37:03 +0000] "POST /students HTTP/1.1" 200 31 "-" "PostmanRuntime/7.26.10"
::1 - - [11/Mar/2021:00:38:59 +0000] "POST /students HTTP/1.1" 200 31 "-" "PostmanRuntime/7.26.10"
::1 - - [11/Mar/2021:00:39:19 +0000] "POST /students HTTP/1.1" 500 1695 "-" "PostmanRuntime/7.26.10"
::1 - - [11/Mar/2021:00:39:33 +0000] "POST /students HTTP/1.1" 500 1621 "-" "PostmanRuntime/7.26.10"
::1 - - [11/Mar/2021:00:41:16 +0000] "POST /students HTTP/1.1" 200 31 "-" "PostmanRuntime/7.26.10"
::1 - - [11/Mar/2021:01:44:45 +0000] "POST /students HTTP/1.1" 200 25 "-" "PostmanRuntime/7.26.10"
::1 - - [11/Mar/2021:01:45:09 +0000] "POST /students HTTP/1.1" 200 25 "-" "PostmanRuntime/7.26.10"
::1 - - [11/Mar/2021:01:45:21 +0000] "POST /students HTTP/1.1" 200 31 "-" "PostmanRuntime/7.26.10"
::1 - - [11/Mar/2021:01:50:44 +0000] "POST /students HTTP/1.1" 200 31 "-" "PostmanRuntime/7.26.10"
::1 - - [11/Mar/2021:01:51:31 +0000] "POST /students HTTP/1.1" 200 25 "-" "PostmanRuntime/7.26.10"
::1 - - [11/Mar/2021:01:51:40 +0000] "POST /students HTTP/1.1" 200 31 "-" "PostmanRuntime/7.26.10"
::1 - - [11/Mar/2021:01:53:02 +0000] "POST /students HTTP/1.1" 200 25 "-" "PostmanRuntime/7.26.10"
::1 - - [11/Mar/2021:01:53:58 +0000] "POST /students HTTP/1.1" 200 31 "-" "PostmanRuntime/7.26.10"
::1 - - [11/Mar/2021:02:06:01 +0000] "POST /students HTTP/1.1" 200 31 "-" "PostmanRuntime/7.26.10"
::1 - - [11/Mar/2021:02:06:07 +0000] "GET /students HTTP/1.1" 200 1340 "-" "PostmanRuntime/7.26.10"
::1 - - [11/Mar/2021:02:06:23 +0000] "DELETE /students/6049657bcf936e3a24bb2e7b HTTP/1.1" 200 33 "-" "PostmanRuntime/7.26.10"
::1 - - [11/Mar/2021:02:06:33 +0000] "GET /students/ HTTP/1.1" 200 1245 "-" "PostmanRuntime/7.26.10"
::1 - - [11/Mar/2021:02:06:49 +0000] "DELETE /students/604966a368dfeb3afc6dad16 HTTP/1.1" 200 33 "-" "PostmanRuntime/7.26.10"
::1 - - [11/Mar/2021:02:06:58 +0000] "GET /students HTTP/1.1" 200 1150 "-" "PostmanRuntime/7.26.10"
::1 - - [11/Mar/2021:02:07:14 +0000] "DELETE /students/6049672c746ea94318e1b2ae HTTP/1.1" 200 33 "-" "PostmanRuntime/7.26.10"
::1 - - [11/Mar/2021:02:07:19 +0000] "GET /students/6049672c746ea94318e1b2ae HTTP/1.1" 200 4 "-" "PostmanRuntime/7.26.10"
::1 - - [12/Mar/2021:04:46:51 +0000] "GET /restaurants HTTP/1.1" 200 7122 "-" "Mozilla/5.0 (Windows NT 10.0; Win64; x64) AppleWebKit/537.36 (KHTML, like Gecko) Chrome/89.0.4389.82 Safari/537.36"
::1 - - [12/Mar/2021:04:46:51 +0000] "GET /favicon.ico HTTP/1.1" 404 1622 "http://localhost:7000/restaurants" "Mozilla/5.0 (Windows NT 10.0; Win64; x64) AppleWebKit/537.36 (KHTML, like Gecko) Chrome/89.0.4389.82 Safari/537.36"
::1 - - [12/Mar/2021:04:48:38 +0000] "GET /restaurants/best HTTP/1.1" 200 1631 "-" "Mozilla/5.0 (Windows NT 10.0; Win64; x64) AppleWebKit/537.36 (KHTML, like Gecko) Chrome/89.0.4389.82 Safari/537.36"
::1 - - [12/Mar/2021:04:50:32 +0000] "GET /restaurants/best HTTP/1.1" 200 228 "-" "Mozilla/5.0 (Windows NT 10.0; Win64; x64) AppleWebKit/537.36 (KHTML, like Gecko) Chrome/89.0.4389.82 Safari/537.36"
::1 - - [12/Mar/2021:04:51:15 +0000] "GET /restaurants/best HTTP/1.1" 200 129 "-" "Mozilla/5.0 (Windows NT 10.0; Win64; x64) AppleWebKit/537.36 (KHTML, like Gecko) Chrome/89.0.4389.82 Safari/537.36"
::1 - - [12/Mar/2021:04:51:56 +0000] "GET /restaurants/best HTTP/1.1" 304 - "-" "Mozilla/5.0 (Windows NT 10.0; Win64; x64) AppleWebKit/537.36 (KHTML, like Gecko) Chrome/89.0.4389.82 Safari/537.36"
::1 - - [12/Mar/2021:04:52:08 +0000] "GET /restaurants/best HTTP/1.1" 200 228 "-" "Mozilla/5.0 (Windows NT 10.0; Win64; x64) AppleWebKit/537.36 (KHTML, like Gecko) Chrome/89.0.4389.82 Safari/537.36"
::1 - - [12/Mar/2021:04:52:45 +0000] "GET /restaurants/best HTTP/1.1" 500 1770 "-" "Mozilla/5.0 (Windows NT 10.0; Win64; x64) AppleWebKit/537.36 (KHTML, like Gecko) Chrome/89.0.4389.82 Safari/537.36"
::1 - - [12/Mar/2021:04:53:13 +0000] "GET /restaurants/best HTTP/1.1" 200 539 "-" "Mozilla/5.0 (Windows NT 10.0; Win64; x64) AppleWebKit/537.36 (KHTML, like Gecko) Chrome/89.0.4389.82 Safari/537.36"
::1 - - [12/Mar/2021:04:54:04 +0000] "GET /restaurants/best HTTP/1.1" 500 1703 "-" "Mozilla/5.0 (Windows NT 10.0; Win64; x64) AppleWebKit/537.36 (KHTML, like Gecko) Chrome/89.0.4389.82 Safari/537.36"
::1 - - [12/Mar/2021:04:54:47 +0000] "GET /restaurants/best HTTP/1.1" 200 53 "-" "Mozilla/5.0 (Windows NT 10.0; Win64; x64) AppleWebKit/537.36 (KHTML, like Gecko) Chrome/89.0.4389.82 Safari/537.36"
::1 - - [12/Mar/2021:04:57:21 +0000] "GET /restaurants/best HTTP/1.1" 500 1784 "-" "Mozilla/5.0 (Windows NT 10.0; Win64; x64) AppleWebKit/537.36 (KHTML, like Gecko) Chrome/89.0.4389.82 Safari/537.36"
::1 - - [12/Mar/2021:04:57:35 +0000] "GET /restaurants/best HTTP/1.1" 200 163 "-" "Mozilla/5.0 (Windows NT 10.0; Win64; x64) AppleWebKit/537.36 (KHTML, like Gecko) Chrome/89.0.4389.82 Safari/537.36"
::1 - - [12/Mar/2021:04:57:48 +0000] "GET /restaurants/best HTTP/1.1" 200 1574 "-" "Mozilla/5.0 (Windows NT 10.0; Win64; x64) AppleWebKit/537.36 (KHTML, like Gecko) Chrome/89.0.4389.82 Safari/537.36"
::1 - - [12/Mar/2021:04:58:04 +0000] "GET /restaurants/best HTTP/1.1" 200 163 "-" "Mozilla/5.0 (Windows NT 10.0; Win64; x64) AppleWebKit/537.36 (KHTML, like Gecko) Chrome/89.0.4389.82 Safari/537.36"
::1 - - [12/Mar/2021:05:13:17 +0000] "GET /restaurants/best HTTP/1.1" 200 1631 "-" "Mozilla/5.0 (Windows NT 10.0; Win64; x64) AppleWebKit/537.36 (KHTML, like Gecko) Chrome/89.0.4389.82 Safari/537.36"
::1 - - [12/Mar/2021:05:23:02 +0000] "GET /restaurants/best HTTP/1.1" 200 775 "-" "Mozilla/5.0 (Windows NT 10.0; Win64; x64) AppleWebKit/537.36 (KHTML, like Gecko) Chrome/89.0.4389.82 Safari/537.36"
::1 - - [12/Mar/2021:05:23:18 +0000] "GET /restaurants/best HTTP/1.1" 200 775 "-" "Mozilla/5.0 (Windows NT 10.0; Win64; x64) AppleWebKit/537.36 (KHTML, like Gecko) Chrome/89.0.4389.82 Safari/537.36"
::1 - - [12/Mar/2021:05:35:42 +0000] "GET /restaurants/best HTTP/1.1" 200 7122 "-" "Mozilla/5.0 (Windows NT 10.0; Win64; x64) AppleWebKit/537.36 (KHTML, like Gecko) Chrome/89.0.4389.82 Safari/537.36"
::1 - - [12/Mar/2021:05:36:49 +0000] "GET /restaurants/best HTTP/1.1" 200 2 "-" "Mozilla/5.0 (Windows NT 10.0; Win64; x64) AppleWebKit/537.36 (KHTML, like Gecko) Chrome/89.0.4389.82 Safari/537.36"
::1 - - [12/Mar/2021:05:37:03 +0000] "GET /restaurants/best HTTP/1.1" 200 7122 "-" "Mozilla/5.0 (Windows NT 10.0; Win64; x64) AppleWebKit/537.36 (KHTML, like Gecko) Chrome/89.0.4389.82 Safari/537.36"
::1 - - [12/Mar/2021:05:37:31 +0000] "GET /restaurants/best HTTP/1.1" 200 2 "-" "Mozilla/5.0 (Windows NT 10.0; Win64; x64) AppleWebKit/537.36 (KHTML, like Gecko) Chrome/89.0.4389.82 Safari/537.36"
::1 - - [12/Mar/2021:05:38:34 +0000] "GET /restaurants HTTP/1.1" 304 - "-" "Mozilla/5.0 (Windows NT 10.0; Win64; x64) AppleWebKit/537.36 (KHTML, like Gecko) Chrome/89.0.4389.82 Safari/537.36"
::1 - - [12/Mar/2021:05:39:00 +0000] "GET /restaurants HTTP/1.1" 304 - "-" "Mozilla/5.0 (Windows NT 10.0; Win64; x64) AppleWebKit/537.36 (KHTML, like Gecko) Chrome/89.0.4389.82 Safari/537.36"
::1 - - [12/Mar/2021:05:39:25 +0000] "GET /restaurants HTTP/1.1" 304 - "-" "Mozilla/5.0 (Windows NT 10.0; Win64; x64) AppleWebKit/537.36 (KHTML, like Gecko) Chrome/89.0.4389.82 Safari/537.36"
::1 - - [12/Mar/2021:05:39:53 +0000] "GET /restaurants HTTP/1.1" 304 - "-" "Mozilla/5.0 (Windows NT 10.0; Win64; x64) AppleWebKit/537.36 (KHTML, like Gecko) Chrome/89.0.4389.82 Safari/537.36"
::1 - - [12/Mar/2021:05:40:30 +0000] "GET /restaurants HTTP/1.1" 304 - "-" "Mozilla/5.0 (Windows NT 10.0; Win64; x64) AppleWebKit/537.36 (KHTML, like Gecko) Chrome/89.0.4389.82 Safari/537.36"
::1 - - [12/Mar/2021:05:40:40 +0000] "GET /restaurants/best HTTP/1.1" 200 846 "-" "Mozilla/5.0 (Windows NT 10.0; Win64; x64) AppleWebKit/537.36 (KHTML, like Gecko) Chrome/89.0.4389.82 Safari/537.36"
::1 - - [12/Mar/2021:05:41:24 +0000] "GET /restaurants/best HTTP/1.1" 200 2 "-" "Mozilla/5.0 (Windows NT 10.0; Win64; x64) AppleWebKit/537.36 (KHTML, like Gecko) Chrome/89.0.4389.82 Safari/537.36"
::1 - - [12/Mar/2021:05:41:55 +0000] "GET /restaurants/best HTTP/1.1" 200 1015 "-" "Mozilla/5.0 (Windows NT 10.0; Win64; x64) AppleWebKit/537.36 (KHTML, like Gecko) Chrome/89.0.4389.82 Safari/537.36"
::1 - - [12/Mar/2021:05:42:53 +0000] "GET /restaurants/best HTTP/1.1" 200 232 "-" "Mozilla/5.0 (Windows NT 10.0; Win64; x64) AppleWebKit/537.36 (KHTML, like Gecko) Chrome/89.0.4389.82 Safari/537.36"
::1 - - [12/Mar/2021:05:43:09 +0000] "GET /restaurants/best HTTP/1.1" 200 2 "-" "Mozilla/5.0 (Windows NT 10.0; Win64; x64) AppleWebKit/537.36 (KHTML, like Gecko) Chrome/89.0.4389.82 Safari/537.36"
::1 - - [12/Mar/2021:05:43:33 +0000] "GET /restaurants/best HTTP/1.1" 200 1015 "-" "Mozilla/5.0 (Windows NT 10.0; Win64; x64) AppleWebKit/537.36 (KHTML, like Gecko) Chrome/89.0.4389.82 Safari/537.36"
::1 - - [12/Mar/2021:05:44:36 +0000] "GET /restaurants/best HTTP/1.1" 200 2 "-" "Mozilla/5.0 (Windows NT 10.0; Win64; x64) AppleWebKit/537.36 (KHTML, like Gecko) Chrome/89.0.4389.82 Safari/537.36"
::1 - - [12/Mar/2021:05:44:50 +0000] "GET /restaurants/best HTTP/1.1" 200 1015 "-" "Mozilla/5.0 (Windows NT 10.0; Win64; x64) AppleWebKit/537.36 (KHTML, like Gecko) Chrome/89.0.4389.82 Safari/537.36"
::1 - - [12/Mar/2021:05:55:30 +0000] "GET /restaurants/best HTTP/1.1" 200 7122 "-" "Mozilla/5.0 (Windows NT 10.0; Win64; x64) AppleWebKit/537.36 (KHTML, like Gecko) Chrome/89.0.4389.82 Safari/537.36"
::1 - - [12/Mar/2021:05:56:38 +0000] "GET /restaurants/best HTTP/1.1" 200 6575 "-" "Mozilla/5.0 (Windows NT 10.0; Win64; x64) AppleWebKit/537.36 (KHTML, like Gecko) Chrome/89.0.4389.82 Safari/537.36"
::1 - - [12/Mar/2021:05:56:49 +0000] "GET /restaurants/best HTTP/1.1" 200 541 "-" "Mozilla/5.0 (Windows NT 10.0; Win64; x64) AppleWebKit/537.36 (KHTML, like Gecko) Chrome/89.0.4389.82 Safari/537.36"
::1 - - [12/Mar/2021:05:57:18 +0000] "GET /restaurants/best HTTP/1.1" 200 2 "-" "Mozilla/5.0 (Windows NT 10.0; Win64; x64) AppleWebKit/537.36 (KHTML, like Gecko) Chrome/89.0.4389.82 Safari/537.36"
::1 - - [12/Mar/2021:05:57:30 +0000] "GET /restaurants/best HTTP/1.1" 200 6575 "-" "Mozilla/5.0 (Windows NT 10.0; Win64; x64) AppleWebKit/537.36 (KHTML, like Gecko) Chrome/89.0.4389.82 Safari/537.36"
::1 - - [12/Mar/2021:05:57:43 +0000] "GET /restaurants/best HTTP/1.1" 200 2 "-" "Mozilla/5.0 (Windows NT 10.0; Win64; x64) AppleWebKit/537.36 (KHTML, like Gecko) Chrome/89.0.4389.82 Safari/537.36"
::1 - - [12/Mar/2021:06:04:16 +0000] "GET /restaurants/best HTTP/1.1" 304 - "-" "Mozilla/5.0 (Windows NT 10.0; Win64; x64) AppleWebKit/537.36 (KHTML, like Gecko) Chrome/89.0.4389.82 Safari/537.36"
::1 - - [12/Mar/2021:06:04:26 +0000] "GET /restaurants/best HTTP/1.1" 200 7122 "-" "Mozilla/5.0 (Windows NT 10.0; Win64; x64) AppleWebKit/537.36 (KHTML, like Gecko) Chrome/89.0.4389.82 Safari/537.36"
::1 - - [12/Mar/2021:06:06:15 +0000] "GET /restaurants/best HTTP/1.1" 200 2 "-" "Mozilla/5.0 (Windows NT 10.0; Win64; x64) AppleWebKit/537.36 (KHTML, like Gecko) Chrome/89.0.4389.82 Safari/537.36"
::1 - - [12/Mar/2021:06:06:24 +0000] "GET /restaurants/best HTTP/1.1" 200 7122 "-" "Mozilla/5.0 (Windows NT 10.0; Win64; x64) AppleWebKit/537.36 (KHTML, like Gecko) Chrome/89.0.4389.82 Safari/537.36"
::1 - - [12/Mar/2021:06:06:49 +0000] "GET /restaurants/best HTTP/1.1" 200 2 "-" "Mozilla/5.0 (Windows NT 10.0; Win64; x64) AppleWebKit/537.36 (KHTML, like Gecko) Chrome/89.0.4389.82 Safari/537.36"
::1 - - [12/Mar/2021:06:07:01 +0000] "GET /restaurants/best HTTP/1.1" 200 7122 "-" "Mozilla/5.0 (Windows NT 10.0; Win64; x64) AppleWebKit/537.36 (KHTML, like Gecko) Chrome/89.0.4389.82 Safari/537.36"
::1 - - [12/Mar/2021:06:07:41 +0000] "GET /restaurants/best HTTP/1.1" 304 - "-" "Mozilla/5.0 (Windows NT 10.0; Win64; x64) AppleWebKit/537.36 (KHTML, like Gecko) Chrome/89.0.4389.82 Safari/537.36"
::1 - - [12/Mar/2021:06:07:55 +0000] "GET /restaurants/best HTTP/1.1" 200 2 "-" "Mozilla/5.0 (Windows NT 10.0; Win64; x64) AppleWebKit/537.36 (KHTML, like Gecko) Chrome/89.0.4389.82 Safari/537.36"
::1 - - [12/Mar/2021:06:09:36 +0000] "GET /restaurants/best HTTP/1.1" 304 - "-" "Mozilla/5.0 (Windows NT 10.0; Win64; x64) AppleWebKit/537.36 (KHTML, like Gecko) Chrome/89.0.4389.82 Safari/537.36"
::1 - - [12/Mar/2021:06:09:38 +0000] "GET /restaurants/best HTTP/1.1" 304 - "-" "Mozilla/5.0 (Windows NT 10.0; Win64; x64) AppleWebKit/537.36 (KHTML, like Gecko) Chrome/89.0.4389.82 Safari/537.36"
::1 - - [12/Mar/2021:06:09:47 +0000] "GET /restaurants/best HTTP/1.1" 304 - "-" "Mozilla/5.0 (Windows NT 10.0; Win64; x64) AppleWebKit/537.36 (KHTML, like Gecko) Chrome/89.0.4389.82 Safari/537.36"
::1 - - [12/Mar/2021:06:09:58 +0000] "GET /restaurants/best HTTP/1.1" 200 7122 "-" "Mozilla/5.0 (Windows NT 10.0; Win64; x64) AppleWebKit/537.36 (KHTML, like Gecko) Chrome/89.0.4389.82 Safari/537.36"
::1 - - [12/Mar/2021:06:10:57 +0000] "GET /restaurants/best HTTP/1.1" 200 6010 "-" "Mozilla/5.0 (Windows NT 10.0; Win64; x64) AppleWebKit/537.36 (KHTML, like Gecko) Chrome/89.0.4389.82 Safari/537.36"
::1 - - [12/Mar/2021:06:11:22 +0000] "GET /restaurants/best HTTP/1.1" 200 545 "-" "Mozilla/5.0 (Windows NT 10.0; Win64; x64) AppleWebKit/537.36 (KHTML, like Gecko) Chrome/89.0.4389.82 Safari/537.36"
::1 - - [12/Mar/2021:06:11:47 +0000] "GET /restaurants/best HTTP/1.1" 200 232 "-" "Mozilla/5.0 (Windows NT 10.0; Win64; x64) AppleWebKit/537.36 (KHTML, like Gecko) Chrome/89.0.4389.82 Safari/537.36"
::1 - - [12/Mar/2021:06:12:22 +0000] "GET /restaurants/best HTTP/1.1" 200 2 "-" "Mozilla/5.0 (Windows NT 10.0; Win64; x64) AppleWebKit/537.36 (KHTML, like Gecko) Chrome/89.0.4389.82 Safari/537.36"
::1 - - [12/Mar/2021:06:12:32 +0000] "GET /restaurants/best HTTP/1.1" 304 - "-" "Mozilla/5.0 (Windows NT 10.0; Win64; x64) AppleWebKit/537.36 (KHTML, like Gecko) Chrome/89.0.4389.82 Safari/537.36"
::1 - - [12/Mar/2021:06:12:41 +0000] "GET /restaurants/best HTTP/1.1" 200 7122 "-" "Mozilla/5.0 (Windows NT 10.0; Win64; x64) AppleWebKit/537.36 (KHTML, like Gecko) Chrome/89.0.4389.82 Safari/537.36"
::1 - - [12/Mar/2021:06:13:07 +0000] "GET /restaurants/best HTTP/1.1" 200 2 "-" "Mozilla/5.0 (Windows NT 10.0; Win64; x64) AppleWebKit/537.36 (KHTML, like Gecko) Chrome/89.0.4389.82 Safari/537.36"
::1 - - [12/Mar/2021:06:14:07 +0000] "GET /restaurants/best HTTP/1.1" 200 7122 "-" "Mozilla/5.0 (Windows NT 10.0; Win64; x64) AppleWebKit/537.36 (KHTML, like Gecko) Chrome/89.0.4389.82 Safari/537.36"
::1 - - [12/Mar/2021:06:14:25 +0000] "GET /restaurants/best HTTP/1.1" 304 - "-" "Mozilla/5.0 (Windows NT 10.0; Win64; x64) AppleWebKit/537.36 (KHTML, like Gecko) Chrome/89.0.4389.82 Safari/537.36"
::1 - - [12/Mar/2021:06:14:47 +0000] "GET /restaurants/best HTTP/1.1" 200 1086 "-" "Mozilla/5.0 (Windows NT 10.0; Win64; x64) AppleWebKit/537.36 (KHTML, like Gecko) Chrome/89.0.4389.82 Safari/537.36"
::1 - - [12/Mar/2021:06:16:06 +0000] "GET /restaurants/best HTTP/1.1" 200 545 "-" "Mozilla/5.0 (Windows NT 10.0; Win64; x64) AppleWebKit/537.36 (KHTML, like Gecko) Chrome/89.0.4389.82 Safari/537.36"
